<?xml version="1.0" encoding="UTF-8"?>
<testng-results skipped="0" failed="0" total="2" passed="2">
  <reporter-output>
  </reporter-output>
  <suite name="Default suite" duration-ms="7021" started-at="2020-04-27T12:20:09Z" finished-at="2020-04-27T12:20:16Z">
    <groups>
    </groups>
    <test name="Default test" duration-ms="7021" started-at="2020-04-27T12:20:09Z" finished-at="2020-04-27T12:20:16Z">
      <class name="com.RupeekAssignment.PoojaNehare.Authenticate">
        <test-method status="PASS" signature="config()[pri:0, instance:com.RupeekAssignment.PoojaNehare.Authenticate@3834d63f]" name="config" is-config="true" duration-ms="2497" started-at="2020-04-27T17:50:07Z" finished-at="2020-04-27T17:50:09Z">
          <reporter-output>
          </reporter-output>
        </test-method> <!-- config -->
        <test-method status="PASS" signature="getTokenTest()[pri:0, instance:com.RupeekAssignment.PoojaNehare.Authenticate@3834d63f]" name="getTokenTest" is-config="true" duration-ms="6087" started-at="2020-04-27T17:50:09Z" finished-at="2020-04-27T17:50:15Z">
          <reporter-output>
          </reporter-output>
        </test-method> <!-- getTokenTest -->
        <test-method status="PASS" signature="getOneUserTest()[pri:0, instance:com.RupeekAssignment.PoojaNehare.Authenticate@3834d63f]" name="getOneUserTest" duration-ms="396" started-at="2020-04-27T17:50:15Z" finished-at="2020-04-27T17:50:16Z">
          <reporter-output>
          </reporter-output>
        </test-method> <!-- getOneUserTest -->
        <test-method status="PASS" signature="getTokenTest()[pri:0, instance:com.RupeekAssignment.PoojaNehare.Authenticate@3834d63f]" name="getTokenTest" is-config="true" duration-ms="309" started-at="2020-04-27T17:50:16Z" finished-at="2020-04-27T17:50:16Z">
          <reporter-output>
          </reporter-output>
        </test-method> <!-- getTokenTest -->
        <test-method status="PASS" signature="getallUsersTest1()[pri:0, instance:com.RupeekAssignment.PoojaNehare.Authenticate@3834d63f]" name="getallUsersTest1" duration-ms="180" started-at="2020-04-27T17:50:16Z" finished-at="2020-04-27T17:50:16Z">
          <reporter-output>
          </reporter-output>
        </test-method> <!-- getallUsersTest1 -->
      </class> <!-- com.RupeekAssignment.PoojaNehare.Authenticate -->
    </test> <!-- Default test -->
  </suite> <!-- Default suite -->
</testng-results>
